WARNING: Response sent to client; No verif on write : 
HTTP/1.1 200 OK
Content-Length: 3387
Content-Type: text/html

WARNING: Response sent to client; No verif on write : 
HTTP/1.1 200 OK
Content-Length: 5736
Content-Type: text/css

WARNING: Response sent to client; No verif on write : 
HTTP/1.1 200 OK
Content-Length: 649
Content-Type: application/javascript

WARNING: Response sent to client; No verif on write : 
HTTP/1.1 200 OK
Content-Length: 121835
Content-Type: image/jpeg

WARNING: Response sent to client; No verif on write : 
HTTP/1.1 200 OK
Content-Length: 47316
Content-Type: image/jpeg

WARNING: Response sent to client; No verif on write : 
HTTP/1.1 200 OK
Content-Length: 82839
Content-Type: text/html

WARNING: Response sent to client; No verif on write : 
HTTP/1.1 200 OK
Content-Length: 46294
Content-Type: image/jpeg

WARNING: Response sent to client; No verif on write : 
HTTP/1.1 200 OK
Content-Length: 4150
Content-Type: text/html

WARNING: Response sent to client; No verif on write : 
HTTP/1.1 200 OK
Content-Length: 3387
Content-Type: text/html

WARNING: Response sent to client; No verif on write : 
HTTP/1.1 200 OK
Content-Length: 5736
Content-Type: text/css

WARNING: Response sent to client; No verif on write : 
HTTP/1.1 200 OK
Content-Length: 649
Content-Type: application/javascript

WARNING: Response sent to client; No verif on write : 
HTTP/1.1 200 OK
Content-Length: 121835
Content-Type: image/jpeg

WARNING: Response sent to client; No verif on write : 
HTTP/1.1 200 OK
Content-Length: 82839
Content-Type: text/html

WARNING: Response sent to client; No verif on write : 
HTTP/1.1 200 OK
Content-Length: 46294
Content-Type: image/jpeg

WARNING: Response sent to client; No verif on write : 
HTTP/1.1 200 OK
Content-Length: 47316
Content-Type: image/jpeg

WARNING: Response sent to client; No verif on write : 
HTTP/1.1 200 OK
Content-Length: 3387
Content-Type: text/html

WARNING: Response sent to client; No verif on write : 
HTTP/1.1 200 OK
Content-Length: 5736
Content-Type: text/css

WARNING: Response sent to client; No verif on write : 
HTTP/1.1 200 OK
Content-Length: 649
Content-Type: application/javascript

WARNING: Response sent to client; No verif on write : 
HTTP/1.1 200 OK
Content-Length: 46294
Content-Type: image/jpeg

WARNING: Response sent to client; No verif on write : 
HTTP/1.1 200 OK
Content-Length: 82839
Content-Type: text/html

WARNING: Response sent to client; No verif on write : 
HTTP/1.1 200 OK
Content-Length: 121835
Content-Type: image/jpeg

WARNING: Response sent to client; No verif on write : 
HTTP/1.1 200 OK
Content-Length: 47316
Content-Type: image/jpeg

WARNING: Response sent to client; No verif on write : 
HTTP/1.1 200 OK
Content-Length: 3387
Content-Type: text/html

WARNING: Response sent to client; No verif on write : 
HTTP/1.1 200 OK
Content-Length: 5736
Content-Type: text/css

WARNING: Response sent to client; No verif on write : 
HTTP/1.1 200 OK
Content-Length: 649
Content-Type: application/javascript

WARNING: Response sent to client; No verif on write : 
HTTP/1.1 200 OK
Content-Length: 121835
Content-Type: image/jpeg

WARNING: Response sent to client; No verif on write : 
HTTP/1.1 200 OK
Content-Length: 82839
Content-Type: text/html

WARNING: Response sent to client; No verif on write : 
HTTP/1.1 200 OK
Content-Length: 46294
Content-Type: image/jpeg

WARNING: Response sent to client; No verif on write : 
HTTP/1.1 200 OK
Content-Length: 47316
Content-Type: image/jpeg

WARNING: Response sent to client; No verif on write : 
HTTP/1.1 200 OK
Content-Length: 3387
Content-Type: text/html

WARNING: Response sent to client; No verif on write : 
HTTP/1.1 200 OK
Content-Length: 5736
Content-Type: text/css

WARNING: Response sent to client; No verif on write : 
HTTP/1.1 200 OK
Content-Length: 649
Content-Type: application/javascript

WARNING: Response sent to client; No verif on write : 
HTTP/1.1 200 OK
Content-Length: 121835
Content-Type: image/jpeg

WARNING: Response sent to client; No verif on write : 
HTTP/1.1 200 OK
Content-Length: 46294
Content-Type: image/jpeg

WARNING: Response sent to client; No verif on write : 
HTTP/1.1 200 OK
Content-Length: 82839
Content-Type: text/html

WARNING: Response sent to client; No verif on write : 
HTTP/1.1 200 OK
Content-Length: 47316
Content-Type: image/jpeg

WARNING: Response sent to client; No verif on write : 
HTTP/1.1 200 OK
Content-Length: 4150
Content-Type: text/html

